0.013000745
0.830047607
0.158009067
1.021058559
0.015000860
0.021001203
0.293016821
0.329018861
1.070061445
0.017000975
0.019001091
0.383021981
0.224012852
0.938053787
0.016000917
0.042002406
0.216012388
1.360078096
0.011000631
0.378021687
0.027001549
0.305017501
0.111006364
0.012000688
0.014000803
0.023001319
0.016000917
0.747042835
0.013000745
0.214012280
0.645036995
0.728041768
0.209011987
0.552031517
0.546031237
0.122006975
0.975055695
0.012000685
0.755043089
0.878050148
0.063003600
0.014000800
0.012000686
0.016000915
0.017000971
1.013057947
0.240013704
0.193011016
0.043002456
0.291016638
0.908051908
0.213012174
0.105005994
0.123007029
0.735041976
0.991056621
0.549031317
0.013000743
0.415023714
0.328018755
0.866049469
0.758043289
0.019001083
0.020001143
0.018001027
0.736042023
0.128007308
0.223012745
0.258014739
0.019001085
0.472026974
0.385022014
0.200011417
0.098005600
0.175009996
0.019001085
0.967055261
0.369021088
0.404023081
0.058003310
0.444025367
0.025001427
1.921109676
0.181010351
0.014000800
0.013000743
0.267015249
0.526030004
0.493028134
0.196011201
0.245013997
0.077004395
0.209011942
0.014000800
0.709040463
0.308017582
0.397022665
0.276015759
0.017000971
0.311017752
0.195011154
0.152008682
0.200011417
0.015000856
0.725041389
0.750042856
0.167009532
0.193011016
1.038059473
0.542031109
0.016000917
0.070004016
0.015000859
1.230070472
0.249014258
0.064003669
0.014000802
0.062003553
0.014000802
0.603034556
0.121006936
0.103005901
0.167009577
0.014000802
0.144008249
0.015000860
0.201011509
0.327018738
0.018001031
0.397022784
0.155008897
0.131007507
0.016000917
0.205011755
0.256014675
0.166009516
0.012000688
0.199011400
0.599034369
0.015000859
0.012000687
0.763043761
0.022001261
0.013000745
0.509029150
0.223012775
0.537030756
0.541031003
0.155008897
0.014000802
0.298017085
0.015000859
0.034001950
0.424024314
0.481027573
0.196011245
0.014000802
0.061003499
0.023001319
0.185010597
0.474027187
0.024001375
0.566032410
0.222012728
0.911052227
0.012000687
0.014000802
0.560032129
0.140008032
0.053003039
0.036002062
0.450025767
0.017000975
0.195011184
0.408023387
0.234013423
0.045002580
0.355020344
0.244013995
0.029001663
0.018001031
1.182067752
0.092005275
0.148008481
0.526030183
0.100005731
0.018001031
0.014000802
0.010000573
0.013000745
0.220012620
0.052002981
0.013000745
0.836047888
1.026060700
0.622036934
0.154009134
0.014000830
0.015000890
0.431025565
0.351020813
0.625037014
0.365021646
0.018001068
0.024001423
0.209012389
0.011000652
0.213012636
0.836049557
0.353020906
0.410024315
0.769045591
0.974057794
1.188069463
0.296016932
0.015000857
0.279015958
0.553031623
0.695039749
0.100005716
0.020001143
1.344076872
0.048002746
0.102005839
0.017000971
1.510086298
0.455026031
0.152008697
0.816046715
0.218012467
0.208011895
0.301017195
0.019001087
0.024001371
0.202011541
0.618035376
0.326018661
0.096005492
0.879050255
0.092005260
0.018001029
0.015000857
0.536030650
0.202011541
0.118006751
0.108006172
0.752043009
0.511029243
0.013000743
0.525030017
0.016000915
0.216012344
0.035002004
0.012000686
0.361020654
0.361020654
0.022001259
0.110006295
0.938053668
0.236013502
0.040002286
0.278015882
1.387079358
0.473027050
0.015000858
0.590033770
0.329018801
0.146008343
0.676038623
0.202011541
0.206011772
1.009057641
0.027001543
0.010000571
0.300017148
0.038002171
0.590033710
0.336019188
0.017000971
0.120006852
1.273072720
0.108006172
0.170009702
0.659037650
0.309017658
0.142008111
0.431024641
0.020001143
0.013000743
0.202011541
0.016000915
0.186010614
0.149008512
0.563032150
0.038002171
0.497028410
0.163009301
1.109063387
0.012000686
0.024001371
0.043002456
0.941053748
0.139007941
0.071004055
0.358020425
0.238013595
0.284016222
0.017000971
0.403023034
0.201011479
0.017000971
0.056003198
0.017000971
0.436024904
0.016000915
0.018001027
0.011000629
0.680038810
0.334019095
0.331018895
0.016000913
0.975055695
0.303017318
0.010000572
0.017000971
0.455026001
0.139007941
0.018001027
0.019001085
0.334019095
0.313017875
0.029001657
0.616035163
0.249014229
0.234013364
0.011000629
0.016000913
0.507028997
0.316018045
0.038002171
0.016000915
0.210011989
0.303017318
0.013000743
0.013000743
0.161009192
0.270015419
0.018001027
0.014000800
0.277015835
0.064003654
0.311017781
0.017000964
0.012000680
0.282015949
0.077004358
0.012000680
0.016000906
0.365020663
0.124007024
0.021001190
0.018001020
0.398022562
0.095005378
0.016000906
1.594090343
0.187010586
0.021001190
0.018001020
0.520029485
0.169009566
0.016000906
0.018001020
0.988055944
0.017000964
0.315017849
0.105005950
1.178066611
0.013000737
0.016000906
0.690039098
0.016000906
0.310017556
0.133007526
0.017000964
0.014000793
0.589033306
0.016000906
0.223012641
0.431024402
0.453025639
0.843047738
0.020001143
0.014000800
0.125007138
0.357020408
0.014000800
0.320018291
0.029001657
0.242013827
0.138007879
0.015000857
0.364020795
0.180010289
0.358020484
0.028001599
0.144008219
0.017000971
0.180010289
0.061003488
0.026001485
0.081004627
0.448025584
0.503028750
0.252014399
0.625035703
0.274015635
0.140008003
0.015000856
0.009000515
0.185010567
0.181010351
0.410023421
0.550031424
0.304017365
0.015000856
0.016000913
0.326018602
0.298017025
0.198011309
0.195011154
0.017000971
0.628035903
0.621035516
0.178010166
0.015000856
0.020001143
0.019001087
0.350020021
0.191010922
0.018001029
0.212012127
0.492028147
0.149008527
0.669038236
0.378021628
0.086004920
0.546031237
0.871049821
0.189010814
0.463026494
0.072004117
0.015000858
0.023001315
0.147008419
0.785044909
0.354020238
0.506028950
1.301074386
0.669038236
0.211012080
0.014000800
0.015000857
0.276015788
0.402022988
0.881050408
0.120006859
0.015000858
0.406023234
0.238013610
0.198011324
0.027001543
0.139007941
0.329018801
0.649037123
0.440025181
0.536030650
0.158009037
0.035002004
0.014000800
0.367020994
0.022001259
0.572032690
0.375021458
0.023001315
0.015000857
0.027001543
0.016000915
0.083004750
0.170009717
0.168009609
0.224012807
0.449025691
0.261014938
0.385022014
0.183010474
0.018001029
0.150008574
0.104005948
0.009000515
0.014000800
0.379021674
0.014000800
0.768043935
0.018001031
0.018001029
0.237013564
0.287016422
0.014000800
0.274015665
0.014000800
0.135007724
0.388022184
0.302017272
0.018001029
0.071004063
0.014000800
0.814046562
0.644036829
0.086004920
0.014000800
0.011000628
1.433081865
0.465026587
0.252014399
0.043002456
0.756043196
0.221012622
0.021001199
0.203011587
0.013000743
0.991056621
0.190010861
0.012000685
0.021001199
0.355020285
0.227012977
0.120006852
0.075004287
0.991056621
0.031001771
0.386022031
0.084004797
0.168009594
0.013000743
0.440025151
0.106006056
0.012000686
0.238013595
0.575032890
0.449025661
0.094005376
0.032001827
0.015000857
0.014000800
0.034001943
0.028001599
0.491028041
0.013000743
0.762043536
0.205011711
0.703040183
